This file contains any messages produced by compilers while
running configure, to aid debugging if configure makes a mistake.

It was created by configure, which was
generated by GNU Autoconf 2.71.  Invocation command line was

  $ ./configure --disable-ds390-port --disable-ds400-port --disable-hc08-port --disable-s08-port --disable-mcs51-port --disable-pic-port --disable-pic14-port --disable-pic16-port --disable-tlcs90-port --disable-xa51-port --disable-stm8-port --disable-pdk13-port --disable-pdk14-port --disable-pdk15-port --disable-pdk16-port --disable-mos6502-port --disable-mos65c02-port --disable-r2k-port --disable-ucsim --disable-device-lib --disable-packihx

## --------- ##
## Platform. ##
## --------- ##

hostname = penguin
uname -m = aarch64
uname -r = 5.15.95-16517-gb197d8f34660
uname -s = Linux
uname -v = #1 SMP PREEMPT Sun Mar 26 18:23:03 PDT 2023

/usr/bin/uname -p = unknown
/bin/uname -X     = unknown

/bin/arch              = unknown
/usr/bin/arch -k       = unknown
/usr/convex/getsysinfo = unknown
/usr/bin/hostinfo      = unknown
/bin/machine           = unknown
/usr/bin/oslevel       = unknown
/bin/universe          = unknown

PATH: /home/jackokring/cpm/z88dk/bin/
PATH: /home/jackokring/cpm/z88dk/bin/
PATH: /home/jackokring/perl5/bin/
PATH: /home/jackokring/.cargo/bin/
PATH: /home/jackokring/bin/
PATH: /home/jackokring/www/venv/bin/
PATH: /usr/local/bin/
PATH: /usr/bin/
PATH: /bin/
PATH: /usr/local/games/
PATH: /usr/games/
PATH: /home/jackokring/dotnet/


## ----------- ##
## Core tests. ##
## ----------- ##

configure:2998: looking for aux files: install-sh config.guess config.sub
configure:3011:  trying ./
configure:3022:   ./install-sh found
configure:3040:   ./config.guess found
configure:3040:   ./config.sub found
configure:3163: checking build system type
configure:3178: result: aarch64-unknown-linux-gnu
configure:3198: checking host system type
configure:3212: result: aarch64-unknown-linux-gnu
configure:3240: checking for gawk
configure:3261: found /usr/bin/gawk
configure:3272: result: gawk
configure:3284: checking version of the package
configure:3288: result: 4.2.0
configure:3401: checking for gcc
configure:3433: result: gcc
configure:3786: checking for C compiler version
configure:3795: gcc --version >&5
gcc (Debian 10.2.1-6) 10.2.1 20210110
Copyright (C) 2020 Free Software Foundation, Inc.
This is free software; see the source for copying conditions.  There is NO
warranty; not even for MERCHANTABILITY or FITNESS FOR A PARTICULAR PURPOSE.

configure:3806: $? = 0
configure:3795: gcc -v >&5
Using built-in specs.
COLLECT_GCC=gcc
COLLECT_LTO_WRAPPER=/usr/lib/gcc/aarch64-linux-gnu/10/lto-wrapper
Target: aarch64-linux-gnu
Configured with: ../src/configure -v --with-pkgversion='Debian 10.2.1-6' --with-bugurl=file:///usr/share/doc/gcc-10/README.Bugs --enable-languages=c,ada,c++,go,d,fortran,objc,obj-c++,m2 --prefix=/usr --with-gcc-major-version-only --program-suffix=-10 --program-prefix=aarch64-linux-gnu- --enable-shared --enable-linker-build-id --libexecdir=/usr/lib --without-included-gettext --enable-threads=posix --libdir=/usr/lib --enable-nls --enable-bootstrap --enable-clocale=gnu --enable-libstdcxx-debug --enable-libstdcxx-time=yes --with-default-libstdcxx-abi=new --enable-gnu-unique-object --disable-libquadmath --disable-libquadmath-support --enable-plugin --enable-default-pie --with-system-zlib --enable-libphobos-checking=release --with-target-system-zlib=auto --enable-objc-gc=auto --enable-multiarch --enable-fix-cortex-a53-843419 --disable-werror --enable-checking=release --build=aarch64-linux-gnu --host=aarch64-linux-gnu --target=aarch64-linux-gnu --with-build-config=bootstrap-lto-lean --enable-link-mutex
Thread model: posix
Supported LTO compression algorithms: zlib zstd
gcc version 10.2.1 20210110 (Debian 10.2.1-6) 
configure:3806: $? = 0
configure:3795: gcc -V >&5
gcc: error: unrecognized command-line option '-V'
gcc: fatal error: no input files
compilation terminated.
configure:3806: $? = 1
configure:3795: gcc -qversion >&5
gcc: error: unrecognized command-line option '-qversion'; did you mean '--version'?
gcc: fatal error: no input files
compilation terminated.
configure:3806: $? = 1
configure:3795: gcc -version >&5
gcc: error: unrecognized command-line option '-version'
gcc: fatal error: no input files
compilation terminated.
configure:3806: $? = 1
configure:3826: checking whether the C compiler works
configure:3848: gcc -g -O2   conftest.c  >&5
configure:3852: $? = 0
configure:3902: result: yes
configure:3905: checking for C compiler default output file name
configure:3907: result: a.out
configure:3913: checking for suffix of executables
configure:3920: gcc -o conftest -g -O2   conftest.c  >&5
configure:3924: $? = 0
configure:3947: result: 
configure:3969: checking whether we are cross compiling
configure:3977: gcc -o conftest -g -O2   conftest.c  >&5
configure:3981: $? = 0
configure:3988: ./conftest
configure:3992: $? = 0
configure:4007: result: no
configure:4012: checking for suffix of object files
configure:4035: gcc -c -g -O2  conftest.c >&5
configure:4039: $? = 0
configure:4061: result: o
configure:4065: checking whether the compiler supports GNU C
configure:4085: gcc -c -g -O2  conftest.c >&5
configure:4085: $? = 0
configure:4095: result: yes
configure:4106: checking whether gcc accepts -g
configure:4127: gcc -c -g  conftest.c >&5
configure:4127: $? = 0
configure:4171: result: yes
configure:4191: checking for gcc option to enable C11 features
configure:4206: gcc  -c -g -O2  conftest.c >&5
configure:4206: $? = 0
configure:4224: result: none needed
configure:4339: checking how to run the C preprocessor
configure:4365: gcc -E  conftest.c
configure:4365: $? = 0
configure:4380: gcc -E  conftest.c
conftest.c:13:10: fatal error: ac_nonexistent.h: No such file or directory
   13 | #include <ac_nonexistent.h>
      |          ^~~~~~~~~~~~~~~~~~
compilation terminated.
configure:4380: $? = 1
configure: failed program was:
| /* confdefs.h */
| #define PACKAGE_NAME ""
| #define PACKAGE_TARNAME ""
| #define PACKAGE_VERSION ""
| #define PACKAGE_STRING ""
| #define PACKAGE_BUGREPORT ""
| #define PACKAGE_URL ""
| #define SDCC_VERSION_LO 2
| #define SDCC_VERSION_HI 4
| #define SDCC_VERSION_P 0
| #define SDCC_VERSION_STR "4.2.0"
| /* end confdefs.h.  */
| #include <ac_nonexistent.h>
configure:4407: result: gcc -E
configure:4421: gcc -E  conftest.c
configure:4421: $? = 0
configure:4436: gcc -E  conftest.c
conftest.c:13:10: fatal error: ac_nonexistent.h: No such file or directory
   13 | #include <ac_nonexistent.h>
      |          ^~~~~~~~~~~~~~~~~~
compilation terminated.
configure:4436: $? = 1
configure: failed program was:
| /* confdefs.h */
| #define PACKAGE_NAME ""
| #define PACKAGE_TARNAME ""
| #define PACKAGE_VERSION ""
| #define PACKAGE_STRING ""
| #define PACKAGE_BUGREPORT ""
| #define PACKAGE_URL ""
| #define SDCC_VERSION_LO 2
| #define SDCC_VERSION_HI 4
| #define SDCC_VERSION_P 0
| #define SDCC_VERSION_STR "4.2.0"
| /* end confdefs.h.  */
| #include <ac_nonexistent.h>
configure:4535: checking for g++
configure:4556: found /usr/bin/g++
configure:4567: result: g++
configure:4594: checking for C++ compiler version
configure:4603: g++ --version >&5
g++ (Debian 10.2.1-6) 10.2.1 20210110
Copyright (C) 2020 Free Software Foundation, Inc.
This is free software; see the source for copying conditions.  There is NO
warranty; not even for MERCHANTABILITY or FITNESS FOR A PARTICULAR PURPOSE.

configure:4614: $? = 0
configure:4603: g++ -v >&5
Using built-in specs.
COLLECT_GCC=g++
COLLECT_LTO_WRAPPER=/usr/lib/gcc/aarch64-linux-gnu/10/lto-wrapper
Target: aarch64-linux-gnu
Configured with: ../src/configure -v --with-pkgversion='Debian 10.2.1-6' --with-bugurl=file:///usr/share/doc/gcc-10/README.Bugs --enable-languages=c,ada,c++,go,d,fortran,objc,obj-c++,m2 --prefix=/usr --with-gcc-major-version-only --program-suffix=-10 --program-prefix=aarch64-linux-gnu- --enable-shared --enable-linker-build-id --libexecdir=/usr/lib --without-included-gettext --enable-threads=posix --libdir=/usr/lib --enable-nls --enable-bootstrap --enable-clocale=gnu --enable-libstdcxx-debug --enable-libstdcxx-time=yes --with-default-libstdcxx-abi=new --enable-gnu-unique-object --disable-libquadmath --disable-libquadmath-support --enable-plugin --enable-default-pie --with-system-zlib --enable-libphobos-checking=release --with-target-system-zlib=auto --enable-objc-gc=auto --enable-multiarch --enable-fix-cortex-a53-843419 --disable-werror --enable-checking=release --build=aarch64-linux-gnu --host=aarch64-linux-gnu --target=aarch64-linux-gnu --with-build-config=bootstrap-lto-lean --enable-link-mutex
Thread model: posix
Supported LTO compression algorithms: zlib zstd
gcc version 10.2.1 20210110 (Debian 10.2.1-6) 
configure:4614: $? = 0
configure:4603: g++ -V >&5
g++: error: unrecognized command-line option '-V'
g++: fatal error: no input files
compilation terminated.
configure:4614: $? = 1
configure:4603: g++ -qversion >&5
g++: error: unrecognized command-line option '-qversion'; did you mean '--version'?
g++: fatal error: no input files
compilation terminated.
configure:4614: $? = 1
configure:4618: checking whether the compiler supports GNU C++
configure:4638: g++ -c   conftest.cpp >&5
configure:4638: $? = 0
configure:4648: result: yes
configure:4659: checking whether g++ accepts -g
configure:4680: g++ -c -g  conftest.cpp >&5
configure:4680: $? = 0
configure:4724: result: yes
configure:4744: checking for g++ option to enable C++11 features
configure:4759: g++  -c -g -O2  conftest.cpp >&5
configure:4759: $? = 0
configure:4777: result: none needed
configure:4856: checking for a BSD-compatible install
configure:4929: result: install
configure:4988: checking for ranlib
configure:5009: found /usr/bin/ranlib
configure:5020: result: ranlib
configure:5044: checking for autoconf
configure:5065: found /usr/bin/autoconf
configure:5077: result: autoconf
configure:5087: checking for strip
configure:5108: found /usr/bin/strip
configure:5120: result: strip
configure:5130: checking for as
configure:5151: found /usr/bin/as
configure:5163: result: as
configure:5173: checking for cp
configure:5194: found /bin/cp
configure:5206: result: cp
configure:5216: checking for ar
configure:5237: found /usr/bin/ar
configure:5249: result: ar
configure:5259: checking for gm4
configure:5292: result: m4
configure:5305: checking for flex
configure:5326: found /usr/bin/flex
configure:5337: result: flex
configure:5354: checking for bison
configure:5375: found /usr/bin/bison
configure:5386: result: bison -y
configure:5436: checking for a Python interpreter with version >= 2.7
configure:5454: python -c import sys # split strings by '.' and convert to numeric. Append some zeros # because we need at least 4 digits for the hex conversion. # map returns an iterator in Python 3.0 and a list in 2.x minver = list(map(int, '2.7'.split('.'))) + [0, 0, 0] minverhex = 0 # xrange is not present in Python 3.0 and range returns an iterator for i in list(range(0, 4)): minverhex = (minverhex << 8) + minver[i] sys.exit(sys.hexversion < minverhex)
configure:5457: $? = 0
configure:5464: result: python
configure:5472: checking for python
configure:5495: found /home/jackokring/www/venv/bin/python
configure:5507: result: /home/jackokring/www/venv/bin/python
configure:5525: checking for python version
configure:5533: result: 3.9
configure:5545: checking for python platform
configure:5553: result: linux
configure:5579: checking for python script directory
configure:5615: result: ${prefix}/lib/python3.9/site-packages
configure:5624: checking for python extension module directory
configure:5660: result: ${exec_prefix}/lib/python3.9/site-packages
configure:5697: checking for stdio.h
configure:5697: gcc -c -g -O2  conftest.c >&5
configure:5697: $? = 0
configure:5697: result: yes
configure:5697: checking for stdlib.h
configure:5697: gcc -c -g -O2  conftest.c >&5
configure:5697: $? = 0
configure:5697: result: yes
configure:5697: checking for string.h
configure:5697: gcc -c -g -O2  conftest.c >&5
configure:5697: $? = 0
configure:5697: result: yes
configure:5697: checking for inttypes.h
configure:5697: gcc -c -g -O2  conftest.c >&5
configure:5697: $? = 0
configure:5697: result: yes
configure:5697: checking for stdint.h
configure:5697: gcc -c -g -O2  conftest.c >&5
configure:5697: $? = 0
configure:5697: result: yes
configure:5697: checking for strings.h
configure:5697: gcc -c -g -O2  conftest.c >&5
configure:5697: $? = 0
configure:5697: result: yes
configure:5697: checking for sys/stat.h
configure:5697: gcc -c -g -O2  conftest.c >&5
configure:5697: $? = 0
configure:5697: result: yes
configure:5697: checking for sys/types.h
configure:5697: gcc -c -g -O2  conftest.c >&5
configure:5697: $? = 0
configure:5697: result: yes
configure:5697: checking for unistd.h
configure:5697: gcc -c -g -O2  conftest.c >&5
configure:5697: $? = 0
configure:5697: result: yes
configure:5722: checking for endian.h
configure:5722: gcc -c -g -O2  conftest.c >&5
configure:5722: $? = 0
configure:5722: result: yes
configure:5728: checking for sys/endian.h
configure:5728: gcc -c -g -O2  conftest.c >&5
conftest.c:52:10: fatal error: sys/endian.h: No such file or directory
   52 | #include <sys/endian.h>
      |          ^~~~~~~~~~~~~~
compilation terminated.
configure:5728: $? = 1
configure: failed program was:
| /* confdefs.h */
| #define PACKAGE_NAME ""
| #define PACKAGE_TARNAME ""
| #define PACKAGE_VERSION ""
| #define PACKAGE_STRING ""
| #define PACKAGE_BUGREPORT ""
| #define PACKAGE_URL ""
| #define SDCC_VERSION_LO 2
| #define SDCC_VERSION_HI 4
| #define SDCC_VERSION_P 0
| #define SDCC_VERSION_STR "4.2.0"
| #define HAVE_STDIO_H 1
| #define HAVE_STDLIB_H 1
| #define HAVE_STRING_H 1
| #define HAVE_INTTYPES_H 1
| #define HAVE_STDINT_H 1
| #define HAVE_STRINGS_H 1
| #define HAVE_SYS_STAT_H 1
| #define HAVE_SYS_TYPES_H 1
| #define HAVE_UNISTD_H 1
| #define STDC_HEADERS 1
| #define HAVE_ENDIAN_H 1
| /* end confdefs.h.  */
| #include <stddef.h>
| #ifdef HAVE_STDIO_H
| # include <stdio.h>
| #endif
| #ifdef HAVE_STDLIB_H
| # include <stdlib.h>
| #endif
| #ifdef HAVE_STRING_H
| # include <string.h>
| #endif
| #ifdef HAVE_INTTYPES_H
| # include <inttypes.h>
| #endif
| #ifdef HAVE_STDINT_H
| # include <stdint.h>
| #endif
| #ifdef HAVE_STRINGS_H
| # include <strings.h>
| #endif
| #ifdef HAVE_SYS_TYPES_H
| # include <sys/types.h>
| #endif
| #ifdef HAVE_SYS_STAT_H
| # include <sys/stat.h>
| #endif
| #ifdef HAVE_UNISTD_H
| # include <unistd.h>
| #endif
| #include <sys/endian.h>
configure:5728: result: no
configure:5734: checking for machine/endian.h
configure:5734: gcc -c -g -O2  conftest.c >&5
conftest.c:52:10: fatal error: machine/endian.h: No such file or directory
   52 | #include <machine/endian.h>
      |          ^~~~~~~~~~~~~~~~~~
compilation terminated.
configure:5734: $? = 1
configure: failed program was:
| /* confdefs.h */
| #define PACKAGE_NAME ""
| #define PACKAGE_TARNAME ""
| #define PACKAGE_VERSION ""
| #define PACKAGE_STRING ""
| #define PACKAGE_BUGREPORT ""
| #define PACKAGE_URL ""
| #define SDCC_VERSION_LO 2
| #define SDCC_VERSION_HI 4
| #define SDCC_VERSION_P 0
| #define SDCC_VERSION_STR "4.2.0"
| #define HAVE_STDIO_H 1
| #define HAVE_STDLIB_H 1
| #define HAVE_STRING_H 1
| #define HAVE_INTTYPES_H 1
| #define HAVE_STDINT_H 1
| #define HAVE_STRINGS_H 1
| #define HAVE_SYS_STAT_H 1
| #define HAVE_SYS_TYPES_H 1
| #define HAVE_UNISTD_H 1
| #define STDC_HEADERS 1
| #define HAVE_ENDIAN_H 1
| /* end confdefs.h.  */
| #include <stddef.h>
| #ifdef HAVE_STDIO_H
| # include <stdio.h>
| #endif
| #ifdef HAVE_STDLIB_H
| # include <stdlib.h>
| #endif
| #ifdef HAVE_STRING_H
| # include <string.h>
| #endif
| #ifdef HAVE_INTTYPES_H
| # include <inttypes.h>
| #endif
| #ifdef HAVE_STDINT_H
| # include <stdint.h>
| #endif
| #ifdef HAVE_STRINGS_H
| # include <strings.h>
| #endif
| #ifdef HAVE_SYS_TYPES_H
| # include <sys/types.h>
| #endif
| #ifdef HAVE_SYS_STAT_H
| # include <sys/stat.h>
| #endif
| #ifdef HAVE_UNISTD_H
| # include <unistd.h>
| #endif
| #include <machine/endian.h>
configure:5734: result: no
configure:5740: checking for sys/isa_defs.h
configure:5740: gcc -c -g -O2  conftest.c >&5
conftest.c:52:10: fatal error: sys/isa_defs.h: No such file or directory
   52 | #include <sys/isa_defs.h>
      |          ^~~~~~~~~~~~~~~~
compilation terminated.
configure:5740: $? = 1
configure: failed program was:
| /* confdefs.h */
| #define PACKAGE_NAME ""
| #define PACKAGE_TARNAME ""
| #define PACKAGE_VERSION ""
| #define PACKAGE_STRING ""
| #define PACKAGE_BUGREPORT ""
| #define PACKAGE_URL ""
| #define SDCC_VERSION_LO 2
| #define SDCC_VERSION_HI 4
| #define SDCC_VERSION_P 0
| #define SDCC_VERSION_STR "4.2.0"
| #define HAVE_STDIO_H 1
| #define HAVE_STDLIB_H 1
| #define HAVE_STRING_H 1
| #define HAVE_INTTYPES_H 1
| #define HAVE_STDINT_H 1
| #define HAVE_STRINGS_H 1
| #define HAVE_SYS_STAT_H 1
| #define HAVE_SYS_TYPES_H 1
| #define HAVE_UNISTD_H 1
| #define STDC_HEADERS 1
| #define HAVE_ENDIAN_H 1
| /* end confdefs.h.  */
| #include <stddef.h>
| #ifdef HAVE_STDIO_H
| # include <stdio.h>
| #endif
| #ifdef HAVE_STDLIB_H
| # include <stdlib.h>
| #endif
| #ifdef HAVE_STRING_H
| # include <string.h>
| #endif
| #ifdef HAVE_INTTYPES_H
| # include <inttypes.h>
| #endif
| #ifdef HAVE_STDINT_H
| # include <stdint.h>
| #endif
| #ifdef HAVE_STRINGS_H
| # include <strings.h>
| #endif
| #ifdef HAVE_SYS_TYPES_H
| # include <sys/types.h>
| #endif
| #ifdef HAVE_SYS_STAT_H
| # include <sys/stat.h>
| #endif
| #ifdef HAVE_UNISTD_H
| # include <unistd.h>
| #endif
| #include <sys/isa_defs.h>
configure:5740: result: no
configure:5747: checking for uchar.h
configure:5747: gcc -c -g -O2  conftest.c >&5
configure:5747: $? = 0
configure:5747: result: yes
configure:5763: checking for treedec/combinations.hpp
configure:5763: g++ -c -g -O2  conftest.cpp >&5
conftest.cpp:53:10: fatal error: treedec/combinations.hpp: No such file or directory
   53 | #include <treedec/combinations.hpp>
      |          ^~~~~~~~~~~~~~~~~~~~~~~~~~
compilation terminated.
configure:5763: $? = 1
configure: failed program was:
| /* confdefs.h */
| #define PACKAGE_NAME ""
| #define PACKAGE_TARNAME ""
| #define PACKAGE_VERSION ""
| #define PACKAGE_STRING ""
| #define PACKAGE_BUGREPORT ""
| #define PACKAGE_URL ""
| #define SDCC_VERSION_LO 2
| #define SDCC_VERSION_HI 4
| #define SDCC_VERSION_P 0
| #define SDCC_VERSION_STR "4.2.0"
| #define HAVE_STDIO_H 1
| #define HAVE_STDLIB_H 1
| #define HAVE_STRING_H 1
| #define HAVE_INTTYPES_H 1
| #define HAVE_STDINT_H 1
| #define HAVE_STRINGS_H 1
| #define HAVE_SYS_STAT_H 1
| #define HAVE_SYS_TYPES_H 1
| #define HAVE_UNISTD_H 1
| #define STDC_HEADERS 1
| #define HAVE_ENDIAN_H 1
| #define HAVE_UCHAR_H 1
| /* end confdefs.h.  */
| #include <stddef.h>
| #ifdef HAVE_STDIO_H
| # include <stdio.h>
| #endif
| #ifdef HAVE_STDLIB_H
| # include <stdlib.h>
| #endif
| #ifdef HAVE_STRING_H
| # include <string.h>
| #endif
| #ifdef HAVE_INTTYPES_H
| # include <inttypes.h>
| #endif
| #ifdef HAVE_STDINT_H
| # include <stdint.h>
| #endif
| #ifdef HAVE_STRINGS_H
| # include <strings.h>
| #endif
| #ifdef HAVE_SYS_TYPES_H
| # include <sys/types.h>
| #endif
| #ifdef HAVE_SYS_STAT_H
| # include <sys/stat.h>
| #endif
| #ifdef HAVE_UNISTD_H
| # include <unistd.h>
| #endif
| #include <treedec/combinations.hpp>
configure:5763: result: no
configure:5769: treedec library missing, falling back to Thorup.
configure:5774: checking for gala/graph.h
configure:5774: g++ -c -g -O2  conftest.cpp >&5
conftest.cpp:53:10: fatal error: gala/graph.h: No such file or directory
   53 | #include <gala/graph.h>
      |          ^~~~~~~~~~~~~~
compilation terminated.
configure:5774: $? = 1
configure: failed program was:
| /* confdefs.h */
| #define PACKAGE_NAME ""
| #define PACKAGE_TARNAME ""
| #define PACKAGE_VERSION ""
| #define PACKAGE_STRING ""
| #define PACKAGE_BUGREPORT ""
| #define PACKAGE_URL ""
| #define SDCC_VERSION_LO 2
| #define SDCC_VERSION_HI 4
| #define SDCC_VERSION_P 0
| #define SDCC_VERSION_STR "4.2.0"
| #define HAVE_STDIO_H 1
| #define HAVE_STDLIB_H 1
| #define HAVE_STRING_H 1
| #define HAVE_INTTYPES_H 1
| #define HAVE_STDINT_H 1
| #define HAVE_STRINGS_H 1
| #define HAVE_SYS_STAT_H 1
| #define HAVE_SYS_TYPES_H 1
| #define HAVE_UNISTD_H 1
| #define STDC_HEADERS 1
| #define HAVE_ENDIAN_H 1
| #define HAVE_UCHAR_H 1
| /* end confdefs.h.  */
| #include <stddef.h>
| #ifdef HAVE_STDIO_H
| # include <stdio.h>
| #endif
| #ifdef HAVE_STDLIB_H
| # include <stdlib.h>
| #endif
| #ifdef HAVE_STRING_H
| # include <string.h>
| #endif
| #ifdef HAVE_INTTYPES_H
| # include <inttypes.h>
| #endif
| #ifdef HAVE_STDINT_H
| # include <stdint.h>
| #endif
| #ifdef HAVE_STRINGS_H
| # include <strings.h>
| #endif
| #ifdef HAVE_SYS_TYPES_H
| # include <sys/types.h>
| #endif
| #ifdef HAVE_SYS_STAT_H
| # include <sys/stat.h>
| #endif
| #ifdef HAVE_UNISTD_H
| # include <unistd.h>
| #endif
| #include <gala/graph.h>
configure:5774: result: no
configure:5783: checking for boost/graph/adjacency_list.hpp
configure:5783: g++ -c -g -O2  conftest.cpp >&5
configure:5783: $? = 0
configure:5783: result: yes
configure:5810: checking for ccache
configure:5831: found /usr/bin/ccache
configure:5842: result: ccache
configure:5858: checking for mkstemp
configure:5858: gcc -o conftest -g -O2   conftest.c  >&5
configure:5858: $? = 0
configure:5858: result: yes
configure:5864: checking for strndup
configure:5864: gcc -o conftest -g -O2   conftest.c  >&5
conftest.c:43:6: warning: conflicting types for built-in function 'strndup'; expected 'char *(const char *, long unsigned int)' [-Wbuiltin-declaration-mismatch]
   43 | char strndup ();
      |      ^~~~~~~
configure:5864: $? = 0
configure:5864: result: yes
configure:5870: checking for setrlimit
configure:5870: gcc -o conftest -g -O2   conftest.c  >&5
configure:5870: $? = 0
configure:5870: result: yes
configure:5876: checking for backtrace_symbols_fd
configure:5876: gcc -o conftest -g -O2   conftest.c  >&5
configure:5876: $? = 0
configure:5876: result: yes
configure:5982: checking whether g++ supports C++11 features with -std=gnu++11
configure:6279: g++ -std=gnu++11 -c -g -O2  conftest.cpp >&5
configure:6279: $? = 0
configure:6289: result: yes
configure:6656: checking whether preprocessor accepts -MM or -M
Using built-in specs.
COLLECT_GCC=gcc
Target: aarch64-linux-gnu
Configured with: ../src/configure -v --with-pkgversion='Debian 10.2.1-6' --with-bugurl=file:///usr/share/doc/gcc-10/README.Bugs --enable-languages=c,ada,c++,go,d,fortran,objc,obj-c++,m2 --prefix=/usr --with-gcc-major-version-only --program-suffix=-10 --program-prefix=aarch64-linux-gnu- --enable-shared --enable-linker-build-id --libexecdir=/usr/lib --without-included-gettext --enable-threads=posix --libdir=/usr/lib --enable-nls --enable-bootstrap --enable-clocale=gnu --enable-libstdcxx-debug --enable-libstdcxx-time=yes --with-default-libstdcxx-abi=new --enable-gnu-unique-object --disable-libquadmath --disable-libquadmath-support --enable-plugin --enable-default-pie --with-system-zlib --enable-libphobos-checking=release --with-target-system-zlib=auto --enable-objc-gc=auto --enable-multiarch --enable-fix-cortex-a53-843419 --disable-werror --enable-checking=release --build=aarch64-linux-gnu --host=aarch64-linux-gnu --target=aarch64-linux-gnu --with-build-config=bootstrap-lto-lean --enable-link-mutex
Thread model: posix
Supported LTO compression algorithms: zlib zstd
gcc version 10.2.1 20210110 (Debian 10.2.1-6) 
COLLECT_GCC_OPTIONS='-E' '-v' '-MM' '-mlittle-endian' '-mabi=lp64'
 /usr/lib/gcc/aarch64-linux-gnu/10/cc1 -E -quiet -v -imultiarch aarch64-linux-gnu -MM _test_.c -mlittle-endian -mabi=lp64 -fasynchronous-unwind-tables
ignoring nonexistent directory "/usr/local/include/aarch64-linux-gnu"
ignoring nonexistent directory "/usr/lib/gcc/aarch64-linux-gnu/10/include-fixed"
ignoring nonexistent directory "/usr/lib/gcc/aarch64-linux-gnu/10/../../../../aarch64-linux-gnu/include"
#include "..." search starts here:
#include <...> search starts here:
 /usr/lib/gcc/aarch64-linux-gnu/10/include
 /usr/local/include
 /usr/include/aarch64-linux-gnu
 /usr/include
End of search list.
_test_.o: _test_.c
COMPILER_PATH=/usr/lib/gcc/aarch64-linux-gnu/10/:/usr/lib/gcc/aarch64-linux-gnu/10/:/usr/lib/gcc/aarch64-linux-gnu/:/usr/lib/gcc/aarch64-linux-gnu/10/:/usr/lib/gcc/aarch64-linux-gnu/
LIBRARY_PATH=/usr/lib/gcc/aarch64-linux-gnu/10/:/usr/lib/gcc/aarch64-linux-gnu/10/../../../aarch64-linux-gnu/:/usr/lib/gcc/aarch64-linux-gnu/10/../../../../lib/:/lib/aarch64-linux-gnu/:/lib/../lib/:/usr/lib/aarch64-linux-gnu/:/usr/lib/../lib/:/usr/lib/gcc/aarch64-linux-gnu/10/../../../:/lib/:/usr/lib/
COLLECT_GCC_OPTIONS='-E' '-v' '-MM' '-mlittle-endian' '-mabi=lp64'
configure:6672: result: -MM
configure:6679: checking whether C accepts -ggdb
configure:6700: gcc -c -ggdb  conftest.c >&5
configure:6700: $? = 0
configure:6710: result: yes
configure:6722: checking whether C accepts -pipe
configure:6743: gcc -c -pipe  conftest.c >&5
configure:6743: $? = 0
configure:6753: result: yes
configure:6825: checking return type of signal handlers
configure:6844: gcc -c  -pipe -ggdb -g -O2  conftest.c >&5
conftest.c: In function 'main':
conftest.c:37:10: error: void value not ignored as it ought to be
   37 | return *(signal (0, 0)) (0) == 1;
      |         ~^~~~~~~~~~~~~~~~~~
configure:6844: $? = 1
configure: failed program was:
| /* confdefs.h */
| #define PACKAGE_NAME ""
| #define PACKAGE_TARNAME ""
| #define PACKAGE_VERSION ""
| #define PACKAGE_STRING ""
| #define PACKAGE_BUGREPORT ""
| #define PACKAGE_URL ""
| #define SDCC_VERSION_LO 2
| #define SDCC_VERSION_HI 4
| #define SDCC_VERSION_P 0
| #define SDCC_VERSION_STR "4.2.0"
| #define HAVE_STDIO_H 1
| #define HAVE_STDLIB_H 1
| #define HAVE_STRING_H 1
| #define HAVE_INTTYPES_H 1
| #define HAVE_STDINT_H 1
| #define HAVE_STRINGS_H 1
| #define HAVE_SYS_STAT_H 1
| #define HAVE_SYS_TYPES_H 1
| #define HAVE_UNISTD_H 1
| #define STDC_HEADERS 1
| #define HAVE_ENDIAN_H 1
| #define HAVE_UCHAR_H 1
| #define HAVE_BOOST_GRAPH_ADJACENCY_LIST_HPP 1
| #define HAVE_MKSTEMP 1
| #define HAVE_STRNDUP 1
| #define HAVE_SETRLIMIT 1
| #define HAVE_BACKTRACE_SYMBOLS_FD 1
| #define HAVE_CXX11 1
| /* end confdefs.h.  */
| #include <sys/types.h>
| #include <signal.h>
| 
| int
| main (void)
| {
| return *(signal (0, 0)) (0) == 1;
|   ;
|   return 0;
| }
configure:6852: result: void
configure:6863: checking size of char
configure:6869: gcc -o conftest  -pipe -ggdb -g -O2   conftest.c  >&5
configure:6869: $? = 0
configure:6869: ./conftest
configure:6869: $? = 0
configure:6884: result: 1
configure:6896: checking size of short
configure:6902: gcc -o conftest  -pipe -ggdb -g -O2   conftest.c  >&5
configure:6902: $? = 0
configure:6902: ./conftest
configure:6902: $? = 0
configure:6917: result: 2
configure:6929: checking size of int
configure:6935: gcc -o conftest  -pipe -ggdb -g -O2   conftest.c  >&5
configure:6935: $? = 0
configure:6935: ./conftest
configure:6935: $? = 0
configure:6950: result: 4
configure:6962: checking size of long
configure:6968: gcc -o conftest  -pipe -ggdb -g -O2   conftest.c  >&5
configure:6968: $? = 0
configure:6968: ./conftest
configure:6968: $? = 0
configure:6983: result: 8
configure:6995: checking size of long long
configure:7001: gcc -o conftest  -pipe -ggdb -g -O2   conftest.c  >&5
configure:7001: $? = 0
configure:7001: ./conftest
configure:7001: $? = 0
configure:7016: result: 8
configure:7024: checking whether char is unsigned
configure:7044: gcc -c  -pipe -ggdb -g -O2  conftest.c >&5
conftest.c: In function 'main':
conftest.c:68:12: error: size of array 'test_array' is negative
   68 | static int test_array [1 - 2 * !(((char) -1) < 0)];
      |            ^~~~~~~~~~
configure:7044: $? = 1
configure: failed program was:
| /* confdefs.h */
| #define PACKAGE_NAME ""
| #define PACKAGE_TARNAME ""
| #define PACKAGE_VERSION ""
| #define PACKAGE_STRING ""
| #define PACKAGE_BUGREPORT ""
| #define PACKAGE_URL ""
| #define SDCC_VERSION_LO 2
| #define SDCC_VERSION_HI 4
| #define SDCC_VERSION_P 0
| #define SDCC_VERSION_STR "4.2.0"
| #define HAVE_STDIO_H 1
| #define HAVE_STDLIB_H 1
| #define HAVE_STRING_H 1
| #define HAVE_INTTYPES_H 1
| #define HAVE_STDINT_H 1
| #define HAVE_STRINGS_H 1
| #define HAVE_SYS_STAT_H 1
| #define HAVE_SYS_TYPES_H 1
| #define HAVE_UNISTD_H 1
| #define STDC_HEADERS 1
| #define HAVE_ENDIAN_H 1
| #define HAVE_UCHAR_H 1
| #define HAVE_BOOST_GRAPH_ADJACENCY_LIST_HPP 1
| #define HAVE_MKSTEMP 1
| #define HAVE_STRNDUP 1
| #define HAVE_SETRLIMIT 1
| #define HAVE_BACKTRACE_SYMBOLS_FD 1
| #define HAVE_CXX11 1
| #define RETSIGTYPE void
| #define SIZEOF_CHAR 1
| #define SIZEOF_SHORT 2
| #define SIZEOF_INT 4
| #define SIZEOF_LONG 8
| #define SIZEOF_LONG_LONG 8
| /* end confdefs.h.  */
| #include <stddef.h>
| #ifdef HAVE_STDIO_H
| # include <stdio.h>
| #endif
| #ifdef HAVE_STDLIB_H
| # include <stdlib.h>
| #endif
| #ifdef HAVE_STRING_H
| # include <string.h>
| #endif
| #ifdef HAVE_INTTYPES_H
| # include <inttypes.h>
| #endif
| #ifdef HAVE_STDINT_H
| # include <stdint.h>
| #endif
| #ifdef HAVE_STRINGS_H
| # include <strings.h>
| #endif
| #ifdef HAVE_SYS_TYPES_H
| # include <sys/types.h>
| #endif
| #ifdef HAVE_SYS_STAT_H
| # include <sys/stat.h>
| #endif
| #ifdef HAVE_UNISTD_H
| # include <unistd.h>
| #endif
| int
| main (void)
| {
| static int test_array [1 - 2 * !(((char) -1) < 0)];
| test_array [0] = 0;
| return test_array [0];
| 
|   ;
|   return 0;
| }
configure:7052: result: yes
configure:7085: checking type name for byte
configure:7093: result: signed char
configure:7095: checking type name for word
configure:7098: result: short
configure:7100: checking type name for dword
configure:7103: result: int
configure:7105: checking type name for qword
configure:7108: result: long
configure:7148: checking whether byte ordering is bigendian
configure:7164: gcc -c  -pipe -ggdb -g -O2  conftest.c >&5
conftest.c:47:9: error: unknown type name 'not'
   47 |         not a universal capable compiler
      |         ^~~
conftest.c:47:15: error: expected '=', ',', ';', 'asm' or '__attribute__' before 'universal'
   47 |         not a universal capable compiler
      |               ^~~~~~~~~
conftest.c:47:15: error: unknown type name 'universal'
configure:7164: $? = 1
configure: failed program was:
| /* confdefs.h */
| #define PACKAGE_NAME ""
| #define PACKAGE_TARNAME ""
| #define PACKAGE_VERSION ""
| #define PACKAGE_STRING ""
| #define PACKAGE_BUGREPORT ""
| #define PACKAGE_URL ""
| #define SDCC_VERSION_LO 2
| #define SDCC_VERSION_HI 4
| #define SDCC_VERSION_P 0
| #define SDCC_VERSION_STR "4.2.0"
| #define HAVE_STDIO_H 1
| #define HAVE_STDLIB_H 1
| #define HAVE_STRING_H 1
| #define HAVE_INTTYPES_H 1
| #define HAVE_STDINT_H 1
| #define HAVE_STRINGS_H 1
| #define HAVE_SYS_STAT_H 1
| #define HAVE_SYS_TYPES_H 1
| #define HAVE_UNISTD_H 1
| #define STDC_HEADERS 1
| #define HAVE_ENDIAN_H 1
| #define HAVE_UCHAR_H 1
| #define HAVE_BOOST_GRAPH_ADJACENCY_LIST_HPP 1
| #define HAVE_MKSTEMP 1
| #define HAVE_STRNDUP 1
| #define HAVE_SETRLIMIT 1
| #define HAVE_BACKTRACE_SYMBOLS_FD 1
| #define HAVE_CXX11 1
| #define RETSIGTYPE void
| #define SIZEOF_CHAR 1
| #define SIZEOF_SHORT 2
| #define SIZEOF_INT 4
| #define SIZEOF_LONG 8
| #define SIZEOF_LONG_LONG 8
| #define __CHAR_UNSIGNED__ 1
| #define TYPE_BYTE signed char
| #define TYPE_WORD short
| #define TYPE_DWORD int
| #define TYPE_QWORD long
| #define TYPE_UBYTE unsigned char
| #define TYPE_UWORD unsigned short
| #define TYPE_UDWORD unsigned int
| #define TYPE_UQWORD unsigned long
| /* end confdefs.h.  */
| #ifndef __APPLE_CC__
| 	       not a universal capable compiler
| 	     #endif
| 	     typedef int dummy;
| 
configure:7210: gcc -c  -pipe -ggdb -g -O2  conftest.c >&5
configure:7210: $? = 0
configure:7229: gcc -c  -pipe -ggdb -g -O2  conftest.c >&5
conftest.c: In function 'main':
conftest.c:53:4: error: unknown type name 'not'; did you mean 'ino_t'?
   53 |    not big endian
      |    ^~~
      |    ino_t
conftest.c:53:12: error: expected '=', ',', ';', 'asm' or '__attribute__' before 'endian'
   53 |    not big endian
      |            ^~~~~~
configure:7229: $? = 1
configure: failed program was:
| /* confdefs.h */
| #define PACKAGE_NAME ""
| #define PACKAGE_TARNAME ""
| #define PACKAGE_VERSION ""
| #define PACKAGE_STRING ""
| #define PACKAGE_BUGREPORT ""
| #define PACKAGE_URL ""
| #define SDCC_VERSION_LO 2
| #define SDCC_VERSION_HI 4
| #define SDCC_VERSION_P 0
| #define SDCC_VERSION_STR "4.2.0"
| #define HAVE_STDIO_H 1
| #define HAVE_STDLIB_H 1
| #define HAVE_STRING_H 1
| #define HAVE_INTTYPES_H 1
| #define HAVE_STDINT_H 1
| #define HAVE_STRINGS_H 1
| #define HAVE_SYS_STAT_H 1
| #define HAVE_SYS_TYPES_H 1
| #define HAVE_UNISTD_H 1
| #define STDC_HEADERS 1
| #define HAVE_ENDIAN_H 1
| #define HAVE_UCHAR_H 1
| #define HAVE_BOOST_GRAPH_ADJACENCY_LIST_HPP 1
| #define HAVE_MKSTEMP 1
| #define HAVE_STRNDUP 1
| #define HAVE_SETRLIMIT 1
| #define HAVE_BACKTRACE_SYMBOLS_FD 1
| #define HAVE_CXX11 1
| #define RETSIGTYPE void
| #define SIZEOF_CHAR 1
| #define SIZEOF_SHORT 2
| #define SIZEOF_INT 4
| #define SIZEOF_LONG 8
| #define SIZEOF_LONG_LONG 8
| #define __CHAR_UNSIGNED__ 1
| #define TYPE_BYTE signed char
| #define TYPE_WORD short
| #define TYPE_DWORD int
| #define TYPE_QWORD long
| #define TYPE_UBYTE unsigned char
| #define TYPE_UWORD unsigned short
| #define TYPE_UDWORD unsigned int
| #define TYPE_UQWORD unsigned long
| /* end confdefs.h.  */
| #include <sys/types.h>
| 		#include <sys/param.h>
| 
| int
| main (void)
| {
| #if BYTE_ORDER != BIG_ENDIAN
| 		 not big endian
| 		#endif
| 
|   ;
|   return 0;
| }
configure:7363: result: no
configure:8796: checking for lyx
configure:8829: result: :
configure:8839: checking for latex2html
configure:8872: result: :
configure:8882: checking for latex
configure:8915: result: :
configure:8925: checking for dvipdfm
configure:8958: result: :
configure:8968: checking for pdflatex
configure:9001: result: :
configure:9011: checking for makeindex
configure:9044: result: :
configure:9408: creating ./config.status

## ---------------------- ##
## Running config.status. ##
## ---------------------- ##

This file was extended by config.status, which was
generated by GNU Autoconf 2.71.  Invocation command line was

  CONFIG_FILES    = 
  CONFIG_HEADERS  = 
  CONFIG_LINKS    = 
  CONFIG_COMMANDS = 
  $ ./config.status 

on penguin

config.status:1028: creating doc/Makefile
config.status:1028: creating src/ds390/Makefile
config.status:1028: creating sdas/as8xcxxx/Makefile
config.status:1028: creating src/z80/Makefile
config.status:1028: creating sdas/asz80/Makefile
config.status:1028: creating sdas/asrab/Makefile
config.status:1028: creating sdas/asgb/Makefile
config.status:1028: creating main.mk
config.status:1028: creating src/Makefile
config.status:1028: creating device/include/Makefile
config.status:1028: creating sdas/linksrc/Makefile
config.status:1028: creating support/makebin/Makefile
config.status:1028: creating support/regression/Makefile
config.status:1028: creating support/valdiag/Makefile
config.status:1028: creating support/scripts/Makefile
config.status:1028: creating support/regression/ports/host/spec.mk
config.status:1028: creating Makefile
config.status:1028: creating Makefile.common
config.status:1028: creating device/non-free/include/Makefile
config.status:1028: creating sdccconf.h
config.status:1028: creating sdas/linksrc/asxxxx_config.h
configure:10697: === configuring in support/cpp (/home/jackokring/cpm/z88dk/src/sdcc-build/support/cpp)
configure:10758: running /bin/bash ./configure --disable-option-checking '--prefix=/usr/local'  '--disable-ds390-port' '--disable-ds400-port' '--disable-hc08-port' '--disable-s08-port' '--disable-mcs51-port' '--disable-pic-port' '--disable-pic14-port' '--disable-pic16-port' '--disable-tlcs90-port' '--disable-xa51-port' '--disable-stm8-port' '--disable-pdk13-port' '--disable-pdk14-port' '--disable-pdk15-port' '--disable-pdk16-port' '--disable-mos6502-port' '--disable-mos65c02-port' '--disable-r2k-port' '--disable-ucsim' '--disable-device-lib' '--disable-packihx' 'CC=gcc' 'CFLAGS=-g -O2' 'docdir=${datarootdir}/doc/${PACKAGE}' --cache-file=/dev/null --srcdir=.
configure:10697: === configuring in debugger/mcs51 (/home/jackokring/cpm/z88dk/src/sdcc-build/debugger/mcs51)
configure:10758: running /bin/bash ./configure --disable-option-checking '--prefix=/usr/local'  '--disable-ds390-port' '--disable-ds400-port' '--disable-hc08-port' '--disable-s08-port' '--disable-mcs51-port' '--disable-pic-port' '--disable-pic14-port' '--disable-pic16-port' '--disable-tlcs90-port' '--disable-xa51-port' '--disable-stm8-port' '--disable-pdk13-port' '--disable-pdk14-port' '--disable-pdk15-port' '--disable-pdk16-port' '--disable-mos6502-port' '--disable-mos65c02-port' '--disable-r2k-port' '--disable-ucsim' '--disable-device-lib' '--disable-packihx' 'CC=gcc' 'CFLAGS=-g -O2' 'docdir=${datarootdir}/doc/${PACKAGE}' --cache-file=/dev/null --srcdir=.
configure:10697: === configuring in support/sdbinutils (/home/jackokring/cpm/z88dk/src/sdcc-build/support/sdbinutils)
configure:10758: running /bin/bash ./configure --disable-option-checking '--prefix=/usr/local'  '--disable-ds390-port' '--disable-ds400-port' '--disable-hc08-port' '--disable-s08-port' '--disable-mcs51-port' '--disable-pic-port' '--disable-pic14-port' '--disable-pic16-port' '--disable-tlcs90-port' '--disable-xa51-port' '--disable-stm8-port' '--disable-pdk13-port' '--disable-pdk14-port' '--disable-pdk15-port' '--disable-pdk16-port' '--disable-mos6502-port' '--disable-mos65c02-port' '--disable-r2k-port' '--disable-ucsim' '--disable-device-lib' '--disable-packihx' 'CC=gcc' 'CFLAGS=-g -O2' 'docdir=${datarootdir}/doc/${PACKAGE}' --cache-file=/dev/null --srcdir=.
configure:10996: result:
sdcc 4.2.0 is now configured for

  Build:                aarch64-unknown-linux-gnu
  Host:                 aarch64-unknown-linux-gnu
  Source directory:     .
  Yacc:                 bison -y
  C compiler:           gcc
  CFLAGS:                -pipe -ggdb -g -O2
  C++ compiler:         g++ -std=gnu++11
  CXXFLAGS:             -pipe -ggdb -g -O2
  CPPFLAGS:             
  LDFLAGS:              
  MAKEDEP:              g++ -std=gnu++11 -MM

  ENABLED Ports:
    ds390               no
    ds400               no
    hc08                no
    s08                 no
    mcs51               no
    pic14               no
    pic16               no
    z80                 yes
    z180                yes
    r2k                 no
    r2ka                yes
    r3ka                yes
    sm83                yes
    tlcs90              no
    ez80_z80            yes
    z80n                yes
    stm8                no
    pdk13               no
    pdk14               no
    pdk15               no
    pdk16               no
    mos6502             no
    mos65c02            no

  Disable non-free lib: 0
  Disable packihx:      1
  Disable ucsim:        1
  Disable device lib:   1
  Disable sdcpp:        0
  Disable sdcdb:        0
  Disable sdbinutil:    0
  Enable documentation: 0
  Enable libgc:         0

  Install paths:
    binary files:           ${prefix}
    include/library files:  ${datarootdir}/sdcc
    include files:          ${datarootdir}/sdcc/include
    library files:          ${datarootdir}/sdcc/lib
    non-free files:         ${datarootdir}/sdcc/non-free
    non-free include files: ${datarootdir}/sdcc/non-free/include
    non-free library files: ${datarootdir}/sdcc/non-free/lib
    documentation:          ${datarootdir}/doc/${PACKAGE}

    prefix:             /usr/local
    datadir:            ${datarootdir}
    datarootdir:        ${prefix}/share

  Search paths (incomplete, see manual for all search paths):
    binary files:       $SDCC_HOME/bin
    include files:      /share/sdcc/include
                        path(argv[0])/../share/sdcc/include
                        /usr/local/share/sdcc/include
                        /share/sdcc/non-free/include
                        path(argv[0])/../share/sdcc/non-free/include
                        /usr/local/share/sdcc/non-free/include
    library files:      $SDCC_HOME/share/sdcc/lib/<model>
                        path(argv[0])/../share/sdcc/lib/<model>
                        /usr/local/share/sdcc/lib/<model>
                        $SDCC_HOME/share/sdcc/non-free/lib/<model>
                        path(argv[0])/../share/sdcc/non-free/lib/<model>
                        /usr/local/share/sdcc/non-free/lib/<model>


## ---------------- ##
## Cache variables. ##
## ---------------- ##

ac_cv_build=aarch64-unknown-linux-gnu
ac_cv_c_bigendian=no
ac_cv_c_char_unsigned=yes
ac_cv_c_compiler_gnu=yes
ac_cv_cxx_compiler_gnu=yes
ac_cv_env_CCC_set=
ac_cv_env_CCC_value=
ac_cv_env_CC_set=set
ac_cv_env_CC_value=gcc
ac_cv_env_CFLAGS_set=set
ac_cv_env_CFLAGS_value='-g -O2'
ac_cv_env_CPPFLAGS_set=
ac_cv_env_CPPFLAGS_value=
ac_cv_env_CPP_set=
ac_cv_env_CPP_value=
ac_cv_env_CXXFLAGS_set=
ac_cv_env_CXXFLAGS_value=
ac_cv_env_CXX_set=
ac_cv_env_CXX_value=
ac_cv_env_LDFLAGS_set=
ac_cv_env_LDFLAGS_value=
ac_cv_env_LIBS_set=
ac_cv_env_LIBS_value=
ac_cv_env_LIB_TYPE_set=
ac_cv_env_LIB_TYPE_value=
ac_cv_env_PYTHON_set=
ac_cv_env_PYTHON_value=
ac_cv_env_build_alias_set=
ac_cv_env_build_alias_value=
ac_cv_env_docdir_set=set
ac_cv_env_docdir_value='${datarootdir}/doc/${PACKAGE}'
ac_cv_env_host_alias_set=
ac_cv_env_host_alias_value=
ac_cv_env_inclib_dir_suffix_set=
ac_cv_env_inclib_dir_suffix_value=
ac_cv_env_include_dir_suffix_set=
ac_cv_env_include_dir_suffix_value=
ac_cv_env_lib_dir_suffix_set=
ac_cv_env_lib_dir_suffix_value=
ac_cv_env_non_free_inclib_dir_suffix_set=
ac_cv_env_non_free_inclib_dir_suffix_value=
ac_cv_env_non_free_include_dir_suffix_set=
ac_cv_env_non_free_include_dir_suffix_value=
ac_cv_env_non_free_lib_dir_suffix_set=
ac_cv_env_non_free_lib_dir_suffix_value=
ac_cv_env_sdccconf_h_dir_separator_set=
ac_cv_env_sdccconf_h_dir_separator_value=
ac_cv_env_target_alias_set=
ac_cv_env_target_alias_value=
ac_cv_func_backtrace_symbols_fd=yes
ac_cv_func_mkstemp=yes
ac_cv_func_setrlimit=yes
ac_cv_func_strndup=yes
ac_cv_header_boost_graph_adjacency_list_hpp=yes
ac_cv_header_endian_h=yes
ac_cv_header_gala_graph_h=no
ac_cv_header_inttypes_h=yes
ac_cv_header_machine_endian_h=no
ac_cv_header_stdint_h=yes
ac_cv_header_stdio_h=yes
ac_cv_header_stdlib_h=yes
ac_cv_header_string_h=yes
ac_cv_header_strings_h=yes
ac_cv_header_sys_endian_h=no
ac_cv_header_sys_isa_defs_h=no
ac_cv_header_sys_stat_h=yes
ac_cv_header_sys_types_h=yes
ac_cv_header_treedec_combinations_hpp=no
ac_cv_header_uchar_h=yes
ac_cv_header_unistd_h=yes
ac_cv_host=aarch64-unknown-linux-gnu
ac_cv_objext=o
ac_cv_path_PYTHON=/home/jackokring/www/venv/bin/python
ac_cv_prog_AR=ar
ac_cv_prog_AS=as
ac_cv_prog_AUTOCONF=autoconf
ac_cv_prog_AWK=gawk
ac_cv_prog_CCACHE=ccache
ac_cv_prog_CP=cp
ac_cv_prog_CPP='gcc -E'
ac_cv_prog_DVIPDFM=:
ac_cv_prog_LATEX2HTML=:
ac_cv_prog_LATEX=:
ac_cv_prog_LEX=flex
ac_cv_prog_LYX=:
ac_cv_prog_M4=m4
ac_cv_prog_MAKEINDEX=:
ac_cv_prog_PDFLATEX=:
ac_cv_prog_STRIP=strip
ac_cv_prog_YACC='bison -y'
ac_cv_prog_ac_ct_CC=gcc
ac_cv_prog_ac_ct_CXX=g++
ac_cv_prog_ac_ct_RANLIB=ranlib
ac_cv_prog_cc_c11=
ac_cv_prog_cc_g=yes
ac_cv_prog_cc_stdc=
ac_cv_prog_cxx_11=no
ac_cv_prog_cxx_cxx11=
ac_cv_prog_cxx_g=yes
ac_cv_prog_cxx_stdcxx=
ac_cv_sizeof_char=1
ac_cv_sizeof_int=4
ac_cv_sizeof_long=8
ac_cv_sizeof_long_long=8
ac_cv_sizeof_short=2
ac_cv_type_signal=void
am_cv_pathless_PYTHON=python
am_cv_python_platform=linux
am_cv_python_pyexecdir='${exec_prefix}/lib/python3.9/site-packages'
am_cv_python_pythondir='${prefix}/lib/python3.9/site-packages'
am_cv_python_version=3.9
ax_cv_cxx_compile_cxx11__std_gnupp11=yes
sdcc_cv_MM=-MM
sdcc_cv_c_ggdb=yes
sdcc_cv_c_pipe=yes
sdcc_cv_version=4.2.0
sdcc_cv_versionhi=4
sdcc_cv_versionlo=2
sdcc_cv_versionp=0

## ----------------- ##
## Output variables. ##
## ----------------- ##

AR='ar'
AS='as'
AUTOCONF='autoconf'
AWK='gawk'
C99_FLAG='--std=c99'
CC='gcc'
CCACHE='ccache'
CFLAGS=' -pipe -ggdb -g -O2'
CP='cp'
CPP='gcc -E'
CPPFLAGS=''
CXX='g++ -std=gnu++11'
CXXFLAGS='-pipe -ggdb -g -O2'
DEFS='-DHAVE_CONFIG_H'
DVIPDFM=':'
ECHO_C=''
ECHO_N='-n'
ECHO_T=''
EXEEXT=''
HAVE_CXX11='1'
INSTALL_DATA='${INSTALL} -m 644'
INSTALL_PROGRAM='${INSTALL}'
INSTALL_SCRIPT='${INSTALL}'
LATEX2HTML=':'
LATEX=':'
LDFLAGS=''
LEX='flex'
LIBOBJS=''
LIBS=''
LIB_TYPE='RANLIB'
LTLIBOBJS=''
LYX=':'
M4='m4'
MAKEDEP='g++ -std=gnu++11 -MM'
MAKEINDEX=':'
OBJEXT='o'
OPT_DISABLE_AVR='1'
OPT_DISABLE_DEVICE_LIB='1'
OPT_DISABLE_DS390='1'
OPT_DISABLE_DS400='1'
OPT_DISABLE_EZ80_Z80='0'
OPT_DISABLE_HC08='1'
OPT_DISABLE_MCS51='1'
OPT_DISABLE_MOS6502='1'
OPT_DISABLE_MOS65C02='1'
OPT_DISABLE_NON_FREE='0'
OPT_DISABLE_PACKIHX='1'
OPT_DISABLE_PDK13='1'
OPT_DISABLE_PDK14='1'
OPT_DISABLE_PDK15='1'
OPT_DISABLE_PDK16='1'
OPT_DISABLE_PIC14='1'
OPT_DISABLE_PIC16='1'
OPT_DISABLE_R2K='1'
OPT_DISABLE_R2KA='0'
OPT_DISABLE_R3KA='0'
OPT_DISABLE_S08='1'
OPT_DISABLE_SDBINUTILS='0'
OPT_DISABLE_SDCDB='0'
OPT_DISABLE_SDCPP='0'
OPT_DISABLE_SM83='0'
OPT_DISABLE_STM8='1'
OPT_DISABLE_TLCS90='1'
OPT_DISABLE_UCSIM='1'
OPT_DISABLE_Z180='0'
OPT_DISABLE_Z80='0'
OPT_DISABLE_Z80N='0'
OPT_ENABLE_DOC='0'
OPT_ENABLE_LIBGC='0'
PACKAGE='sdcc'
PACKAGE_BUGREPORT=''
PACKAGE_NAME=''
PACKAGE_STRING=''
PACKAGE_TARNAME=''
PACKAGE_URL=''
PACKAGE_VERSION=''
PATH_SEPARATOR=':'
PDFLATEX=':'
PYTHON='/home/jackokring/www/venv/bin/python'
PYTHON_EXEC_PREFIX='${exec_prefix}'
PYTHON_PLATFORM='linux'
PYTHON_PREFIX='${prefix}'
PYTHON_VERSION='3.9'
RANLIB='ranlib'
SHELL='/bin/bash'
STRIP='strip'
VERSION='4.2.0'
VERSIONHI='4'
VERSIONLO='2'
VERSIONP='0'
WALL_FLAG='-Wall -Wno-parentheses'
YACC='bison -y'
ac_ct_CC='gcc'
ac_ct_CXX='g++'
bindir='${exec_prefix}/bin'
build='aarch64-unknown-linux-gnu'
build_alias=''
build_cpu='aarch64'
build_os='linux-gnu'
build_vendor='unknown'
datadir='${datarootdir}'
datarootdir='${prefix}/share'
docdir='${datarootdir}/doc/${PACKAGE}'
dvidir='${docdir}'
exec_prefix='${prefix}'
host='aarch64-unknown-linux-gnu'
host_alias=''
host_cpu='aarch64'
host_os='linux-gnu'
host_vendor='unknown'
htmldir='${docdir}'
inclib_dir_suffix='sdcc'
include_dir_suffix='sdcc/include'
includedir='${prefix}/include'
infodir='${datarootdir}/info'
lib_dir_suffix='sdcc/lib'
libdir='${exec_prefix}/lib'
libexecdir='${exec_prefix}/libexec'
localedir='${datarootdir}/locale'
localstatedir='${prefix}/var'
mandir='${datarootdir}/man'
non_free_inclib_dir_suffix='sdcc/non-free'
non_free_include_dir_suffix='sdcc/non-free/include'
non_free_lib_dir_suffix='sdcc/non-free/lib'
oldincludedir='/usr/include'
pdfdir='${docdir}'
pkgpyexecdir='${pyexecdir}/sdcc'
pkgpythondir='${pythondir}/sdcc'
prefix='/usr/local'
program_transform_name='s,x,x,'
psdir='${docdir}'
pyexecdir='${exec_prefix}/lib/python3.9/site-packages'
pythondir='${prefix}/lib/python3.9/site-packages'
runstatedir='${localstatedir}/run'
sbindir='${exec_prefix}/sbin'
sdccconf_h_dir_separator='/'
sharedstatedir='${prefix}/com'
subdirs=' support/cpp debugger/mcs51 support/sdbinutils'
sysconfdir='${prefix}/etc'
target_alias=''

## ----------- ##
## confdefs.h. ##
## ----------- ##

/* confdefs.h */
#define PACKAGE_NAME ""
#define PACKAGE_TARNAME ""
#define PACKAGE_VERSION ""
#define PACKAGE_STRING ""
#define PACKAGE_BUGREPORT ""
#define PACKAGE_URL ""
#define SDCC_VERSION_LO 2
#define SDCC_VERSION_HI 4
#define SDCC_VERSION_P 0
#define SDCC_VERSION_STR "4.2.0"
#define HAVE_STDIO_H 1
#define HAVE_STDLIB_H 1
#define HAVE_STRING_H 1
#define HAVE_INTTYPES_H 1
#define HAVE_STDINT_H 1
#define HAVE_STRINGS_H 1
#define HAVE_SYS_STAT_H 1
#define HAVE_SYS_TYPES_H 1
#define HAVE_UNISTD_H 1
#define STDC_HEADERS 1
#define HAVE_ENDIAN_H 1
#define HAVE_UCHAR_H 1
#define HAVE_BOOST_GRAPH_ADJACENCY_LIST_HPP 1
#define HAVE_MKSTEMP 1
#define HAVE_STRNDUP 1
#define HAVE_SETRLIMIT 1
#define HAVE_BACKTRACE_SYMBOLS_FD 1
#define HAVE_CXX11 1
#define RETSIGTYPE void
#define SIZEOF_CHAR 1
#define SIZEOF_SHORT 2
#define SIZEOF_INT 4
#define SIZEOF_LONG 8
#define SIZEOF_LONG_LONG 8
#define __CHAR_UNSIGNED__ 1
#define TYPE_BYTE signed char
#define TYPE_WORD short
#define TYPE_DWORD int
#define TYPE_QWORD long
#define TYPE_UBYTE unsigned char
#define TYPE_UWORD unsigned short
#define TYPE_UDWORD unsigned int
#define TYPE_UQWORD unsigned long
#define DIR_SEPARATOR_STRING "/"
#define DIR_SEPARATOR_CHAR '/'
#define PREFIX "/usr/local"
#define EXEC_PREFIX "/usr/local"
#define BINDIR "/usr/local/bin"
#define DATADIR "/usr/local/share"
#define INCLUDE_DIR_SUFFIX DIR_SEPARATOR_STRING "sdcc/include"
#define NON_FREE_INCLUDE_DIR_SUFFIX DIR_SEPARATOR_STRING "sdcc/non-free/include"
#define LIB_DIR_SUFFIX DIR_SEPARATOR_STRING "sdcc/lib"
#define NON_FREE_LIB_DIR_SUFFIX DIR_SEPARATOR_STRING "sdcc/non-free/lib"
#define BIN2DATA_DIR DIR_SEPARATOR_STRING "../share"
#define PREFIX2BIN_DIR DIR_SEPARATOR_STRING "bin"
#define PREFIX2DATA_DIR DIR_SEPARATOR_STRING "share"
#define STD_LIB "libsdcc"
#define STD_INT_LIB "libint"
#define STD_LONG_LIB "liblong"
#define STD_FP_LIB "libfloat"
#define STD_DS390_LIB "libds390"
#define STD_DS400_LIB "libds400"
#define SDCC_DIR_NAME "SDCC_HOME"
#define SDCC_INCLUDE_NAME "SDCC_INCLUDE"
#define SDCC_LIB_NAME "SDCC_LIB"
#define OPT_DISABLE_MCS51 1
#define OPT_DISABLE_Z80 0
#define OPT_DISABLE_Z180 0
#define OPT_DISABLE_R2K 1
#define OPT_DISABLE_R2KA 0
#define OPT_DISABLE_R3KA 0
#define OPT_DISABLE_SM83 0
#define OPT_DISABLE_TLCS90 1
#define OPT_DISABLE_EZ80_Z80 0
#define OPT_DISABLE_Z80N 0
#define OPT_DISABLE_DS390 1
#define OPT_DISABLE_TININative 1
#define OPT_DISABLE_DS400 1
#define OPT_DISABLE_PIC14 1
#define OPT_DISABLE_PIC16 1
#define OPT_DISABLE_HC08 1
#define OPT_DISABLE_S08 1
#define OPT_DISABLE_STM8 1
#define OPT_DISABLE_PDK13 1
#define OPT_DISABLE_PDK14 1
#define OPT_DISABLE_PDK15 1
#define OPT_DISABLE_PDK16 1
#define OPT_DISABLE_MOS6502 1
#define OPT_DISABLE_MOS65C02 1
#define OPT_DISABLE_AVR 1
#define OPT_DISABLE_UCSIM 1
#define OPT_DISABLE_DEVICE_LIB 1
#define OPT_DISABLE_PACKIHX 1
#define OPT_DISABLE_SDCPP 0
#define OPT_DISABLE_SDCDB 0
#define OPT_DISABLE_SDBINUTILS 0
#define OPT_DISABLE_NON_FREE 0
#define OPT_ENABLE_DOC 0
#define OPT_ENABLE_LIBGC 0

configure: exit 0
