/tmp/tmpXXo7CeCI.asm:
     1                          MODULE div3_asm
     2                          LINE 0, "div3.asm"
div3.asm:
                                
     1                          ;
     2                          ;      Generic pseudo graphics routines for text-only platforms
     3                          ;	Version for the 2x3 graphics symbols (true index)
     4                          ;
     5                          ;	Divide by three lookup table
     6                          ;
     7                          ;
     8                          ;	$Id: div3.asm $
     9                          ;
    10                          
    11                                 SECTION rodata_graphics
    12                          	PUBLIC	div3
    13                          
    14                          .div3
    15                              ;    0  1  2  3  4  5  6  7  8  9 10 11 12 13 14 15 16
    16  0000  0000000101010202      defb  0, 0, 0, 1, 1, 1, 2, 2, 2, 3, 3, 3, 4, 4, 4, 5, 5
              0203030304040405  
              05                
    17                          
    18                              ;    17 18 19 20 21 22 23 24 25 26 27 28 29 30 31 32
    19  0011  0506060607070708      defb   5, 6, 6, 6, 7, 7, 7, 8, 8, 8, 9, 9, 9,10,10,10
              08080909090a0a0a  
    20                          
    21                              ;    33 34 35 36 37 38 39 40 41 42 43 44 45 46 47 48
    22  0021  0b0b0b0c0c0c0d0d      defb  11,11,11,12,12,12,13,13,13,14,14,14,15,15,15,16
              0d0e0e0e0f0f0f10  
    23                          
    24                              ;    49 50 51 52 53 54 55 56 57 58 59 60 61 62 63 64
    25  0031  1010111111121212      defb  16,16,17,17,17,18,18,18,19,19,19,20,20,20,21,21
              1313131414141515  
    26                          
    27                              ;    65 66 67 68 69 70 71 72 73 74 75 76 77 78 79 80
    28  0041  1516161617171718      defb  21,22,22,22,23,23,23,24,24,24,25,25,25,26,26,26
              18181919191a1a1a  
    29                          
    30                              ;    81 82 83 84
    31  0051  1b1b1b1c              defb  27,27,27,28
    32                          
    33                          
    34                          ;## TL TR
    35                          ;## ML MR
    36                          ;## BL BR
    37                          ;
    38                          ;POS: X/2, Y/3
    39                          ;
    40                          ;Bit: X mod 2, Y mod 3
    41                          
