/tmp/tmpXXNnJJhJ.asm:
     1                          MODULE div3_192_asm
     2                          LINE 0, "div3_192.asm"
div3_192.asm:
                                
     1                          
     2                          ;	Divide by three lookup table (192 entries)
     3                          
     4                          ;
     5                          ;	$Id: div3_192.asm $
     6                          ;
     7                          
     8                          
     9                          	SECTION rodata_graphics
    10                          	PUBLIC	div3_192
    11                          
    12                          
    13                          .div3_192
    14                          	;   	00                                               15                                                  31
    15  0000  0000000101010202  	defb	 0,  0,  0,  1,  1,  1,  2,  2,  2,  3,  3,  3,  4,  4,  4,  5,  5,  5,  6,  6,  6,  7,  7,  7,  8,  8,  8,  9,  9,  9, 10, 10
              0203030304040405  
              0505060606070707  
              0808080909090a0a  
    16  0020  0a0b0b0b0c0c0c0d  	defb	10, 11, 11, 11, 12, 12, 12, 13, 13, 13, 14, 14, 14, 15, 15, 15, 16, 16, 16, 17, 17, 17, 18, 18, 18, 19, 19, 19, 20, 20, 20, 21
              0d0d0e0e0e0f0f0f  
              1010101111111212  
              1213131314141415  
    17  0040  1515161616171717  	defb	21, 21, 22, 22, 22, 23, 23, 23, 24, 24, 24, 25, 25, 25, 26, 26, 26, 27, 27, 27, 28, 28, 28, 29, 29, 29, 30, 30, 30, 31, 31, 31
              1818181919191a1a  
              1a1b1b1b1c1c1c1d  
              1d1d1e1e1e1f1f1f  
    18                          
    19  0060  2020202121212222  	defb	32, 32, 32, 33, 33, 33, 34, 34, 34, 35, 35, 35, 36, 36, 36, 37, 37, 37, 38, 38, 38, 39, 39, 39, 40, 40, 40, 41, 41, 41, 42, 42
              2223232324242425  
              2525262626272727  
              2828282929292a2a  
    20  0080  2a2b2b2b2c2c2c2d  	defb	42, 43, 43, 43, 44, 44, 44, 45, 45, 45, 46, 46, 46, 47, 47, 47, 48, 48, 48, 49, 49, 49, 50, 50, 50, 51, 51, 51, 52, 52, 52, 53
              2d2d2e2e2e2f2f2f  
              3030303131313232  
              3233333334343435  
    21  00a0  3535363636373737  	defb	53, 53, 54, 54, 54, 55, 55, 55, 56, 56, 56, 57, 57, 57, 58, 58, 58, 59, 59, 59, 60, 60, 60, 61, 61, 61, 62, 62, 62, 63, 63, 63
              3838383939393a3a  
              3a3b3b3b3c3c3c3d  
              3d3d3e3e3e3f3f3f  
    22                          
    23                          
