/tmp/tmpXXt5d5JM.asm:
     1                          MODULE div3_0_asm
     2                          LINE 0, "div3_0.asm"
div3_0.asm:
                                
     1                          ;
     2                          ;      Generic pseudo graphics routines for text-only platforms
     3                          ;	Version for the 2x3 graphics symbols
     4                          ;
     5                          ;      Written by Stefano Bodrato 14/12/2006
     6                          ;
     7                          ;
     8                          ;	Divide by three lookup table
     9                          ;
    10                          ;	This version is the equivalent of adding 1 to the column and
    11                          ;	then dividing by 3
    12                          ;
    13                          ;
    14                          ;	$Id: div3.asm $
    15                          ;
    16                          
    17                                 SECTION rodata_graphics
    18                          	PUBLIC	div3_0
    19                          
    20                          .div3_0
    21                              ;	0  1  2  3  4  5  6  7  8  9 10 11 12 13 14 15 16
    22  0000  0000010101020202      defb	0, 0, 1, 1, 1, 2, 2, 2, 3, 3, 3, 4, 4, 4, 5, 5, 5
              0303030404040505  
              05                
    23                          
    24                              ;	  17 18 19 20 21 22 23 24 25 26 27 28 29 30 31 32
    25  0011  0606060707070808      defb	   6, 6, 6, 7, 7, 7, 8, 8, 8, 9, 9, 9,10,10,10,11
              080909090a0a0a0b  
    26                          
    27                              ;	  33 34 35 36 37 38 39 40 41 42 43 44 45 46 47 48
    28  0021  0b0b0c0c0c0d0d0d      defb	  11,11,12,12,12,13,13,13,14,14,14,15,15,15,16,16
              0e0e0e0f0f0f1010  
    29                          
    30                              ;	  49 50 51 52 53 54 55 56 57 58 59 60 61 62 63 64
    31  0031  1011111112121213      defb	  16,17,17,17,18,18,18,19,19,19,20,20,20,21,21,21
              1313141414151515  
    32                          
    33                              ;	  65 66 67 68 69 70 71 72 73 74 75 76 77 78 79 80
    34  0041  1616161717171818      defb	  22,22,22,23,23,23,24,24,24,25,25,25,26,26,26,27
              181919191a1a1a1b  
    35                          
    36                          
    37                          ;## TL TR
    38                          ;## ML MR
    39                          ;## BL BR
    40                          ;
    41                          ;POS: X/2, Y/3
    42                          ;
    43                          ;Bit: X mod 2, Y mod 3
    44                          
