/tmp/tmpXXHxn2Oz.asm:
     1                          MODULE lbitmask_asm
     2                          LINE 0, "lbitmask.asm"
lbitmask.asm:
                                
     1                          
     2                          	SECTION  code_graphics
     3                          	PUBLIC	leftbitmask
     4                          
     5                          ;
     6                          ;	$Id: lbitmask.asm,v 1.4 2016-04-13 21:09:09 dom Exp $
     7                          ;
     8                          
     9                          ; ************************************************************************
    10                          ;
    11                          ; Get left bitmask for left side of byte
    12                          ;
    13                          ; Design & programming by Gunther Strube, Copyright (C) InterLogic 1995
    14                          ;
    15                          ; IN: A =	bitposition
    16                          ;
    17                          ; OUT: A = bitmask at left side of	bit position of byte
    18                          ;
    19                          ;	Example:
    20                          ;    	IN:	A = 3
    21                          ;    	OUT:	A = @11110000	(bit	7 - 4 as mask)
    22                          ;
    23                          ;	registers	chnaged after return:
    24                          ;    ..bcdehl/ixiy	same
    25                          ;    af....../....	different
    26                          ;
    27  0000  ee07              .leftbitmask    xor	7    	; 7-bitpos
    28  0002  c8                       ret	z    	; no	bitmask to preserve...
    29  0003  c5                       push	bc
    30  0004  47                       ld	b,a
    31  0005  af                       xor	a
    32  0006  37                .left_bitmask_loop	scf
    33  0007  1f                       rra       ; create left bitmask
    34  0008  05c20600                 djnz	left_bitmask_loop
    35  000c  c1                       pop	bc
    36  000d  c9                       ret
    37                          
