/tmp/tmpXXRQpyAt.asm:
     1                          MODULE pen_down_asm
     2                          LINE 0, "pen_down.asm"
pen_down.asm:
                                
     1                          ;
     2                          ;      Turtle graphics library
     3                          ;      Stefano - 11/2017
     4                          ;
     5                          ;      $Id: pen_down.asm $
     6                          ;
     7                          
     8                                 SECTION   code_graphics
     9                                 PUBLIC    pen_down
    10                                 PUBLIC    _pen_down
    11                          
    12                          
    13                          .pen_down
    14                          ._pen_down
    15  0000  210000            	ld	hl,__pen
    16  0003  3e80              	ld	a,128
    17  0005  b6                	or	(hl)
    18  0006  77                	ld	(hl),a
    19  0007  c9                	ret
    20                          
    21                          
    22                              SECTION    bss_graphics
    23                              PUBLIC    __pen
    24                          
    25  0000  00                __pen:    	defb    0	; leftmost bit: pen up/down
    26                          
    27                          
