/tmp/tmpXXzpTres.asm:
     1                          MODULE swapgfxbk_noop_asm
     2                          LINE 0, "swapgfxbk_noop.asm"
swapgfxbk_noop.asm:
                                
     1                          ;
     2                          ;      Graphics Functions
     3                          ;
     4                          ;      swapgfxbk ()  -- foo routine for fake swapping
     5                          ;
     6                          ;      Stefano Bodrato - Jan 2007
     7                          ;
     8                          ;
     9                          ;	$Id: swapgfxbk_foo.asm,v 1.5 2017-01-02 21:51:24 aralbrec Exp $
    10                          ;
    11                          
    12                              SECTION code_graphics
    13                              PUBLIC  swapgfxbk
    14                              PUBLIC  swapgfxbk1
    15                          
    16                          
    17                          
    18                          .swapgfxbk
    19                          .swapgfxbk1
    20  0000  c9                    ret
    21                          
    22                          
    23                          
    24                          
    25                          
    26                          
    27                          
