/tmp/tmpXXaNEc4H.asm:
     1                          MODULE bkrestore2_asm
     2                          LINE 0, "bkrestore2.asm"
bkrestore2.asm:
                                
     1                          ;
     2                          ;    Fast background save
     3                          ;
     4                          ;    Generic version (just a bit slow)
     5                          ;
     6                          ;    $Id: bkrestore2.asm $
     7                          ;
     8                          
     9                          IF !__CPU_INTEL__ & !__CPU_GBZ80__
    10                              SECTION   code_clib
    11                          
    12                              PUBLIC    bkrestore
    13                              PUBLIC    _bkrestore
    14                          
    15                              EXTERN    putsprite
    16                              EXTERN    asm_clga
    17                          
    18                          .bkrestore
    19                          ._bkrestore
    20                          
    21                              ; __FASTCALL__ !!   HL = sprite address
    22                          
    23                              inc hl    ; skip first X xs
    24                              inc hl    ; skip first Y ys
    25                          
    26                          ; spr_and:  166+47*256 // CPL - AND (HL)
    27                          ; spr_or:   182 // OR (HL)
    28                          
    29                              ld    de,182    ; spr_or
    30                              push de
    31                          
    32                              ld    e,(hl)    ; x pos
    33                              inc hl
    34                              ld    a,e
    35                              ;ld    d,0    <- d=0 already
    36                              push    de
    37                          
    38                              ld    e,(hl)    ; Y pos
    39                              inc hl
    40                              push    de
    41                          
    42                              push    hl    ; sprite addr
    43                          
    44                              ld    b,(hl)    ; saved X sz
    45                              inc    hl
    46                              ld    c,(hl)    ; saved Y sz
    47                          
    48                              ld    h,a    ; X
    49                              ld    l,e    ; Y
    50                          
    51                              ; HL    = (x,y)
    52                              ; BC    = (width,heigth)
    53                              call asm_clga
    54                          
    55                              call    putsprite
    56                          
    57                              pop    hl
    58                              pop    de
    59                              pop    de
    60                              pop    de
    61                          
    62                              ret
    63                          ENDIF
    64                          
