/tmp/tmpXXy1FacC.asm:
     1                          MODULE clga_asm
     2                          LINE 0, "clga.asm"
clga.asm:
                                
     1                          ;Usage: clga(int tlx, int tly, int tlx2, int tly2)
     2                          
     3                          
     4                          IF !__CPU_INTEL__ & !__CPU_GBZ80__
     5                              SECTION code_graphics
     6                          
     7                              PUBLIC  clga
     8                              PUBLIC  _clga
     9                          
    10                              EXTERN  asm_clga
    11                          
    12                          .clga
    13                          ._clga
    14                              push    ix
    15                              ld      ix,2
    16                              add     ix,sp
    17                              ld      c,(ix+2)
    18                              ld      b,(ix+4)
    19                              ld      l,(ix+6)
    20                              ld      h,(ix+8)
    21                              pop     ix
    22                              jp      asm_clga
    23                          ENDIF
    24                          
