/tmp/tmpXXxw5KHn.asm:
     1                          MODULE draw_asm
     2                          LINE 0, "draw.asm"
draw.asm:
                                
     1                          ; ----- void  draw(int x, int y, int x2, int y2)
     2                          
     3                          
     4                          IF !__CPU_INTEL__ & !__CPU_GBZ80__
     5                              SECTION code_graphics
     6                          
     7                              PUBLIC  draw
     8                              PUBLIC  _draw
     9                          
    10                              EXTERN  asm_draw
    11                          
    12                          
    13                          .draw
    14                          ._draw
    15                              push    ix
    16                              ld      ix,2
    17                              add     ix,sp
    18                              ld      l,(ix+6)    ;y0
    19                              ld      h,(ix+8)    ;x0
    20                              ld      e,(ix+2)    ;y1
    21                              ld      d,(ix+4)    ;x1
    22                              pop     ix
    23                              jp      asm_draw
    24                          
    25                          ENDIF
    26                          
