/tmp/tmpXX4Qytsf.asm:
     1                          MODULE fillb_asm
     2                          LINE 0, "fillb.asm"
fillb.asm:
                                
     1                          ;void fillb(int tlx, int tly, int width, int height)
     2                          
     3                          IF !__CPU_INTEL__ & !__CPU_GBZ80__
     4                              SECTION code_graphics
     5                          
     6                              PUBLIC  fillb
     7                              PUBLIC  _fillb
     8                          
     9                              EXTERN  asm_fillb
    10                          
    11                          .fillb
    12                          ._fillb
    13                              push    ix
    14                              ld      ix,2
    15                              add     ix,sp
    16                              ld      c,(ix+2)
    17                              ld      b,(ix+4)
    18                              ld      l,(ix+6)
    19                              ld      h,(ix+8)
    20                              pop     ix
    21                              jp      asm_fillb
    22                          ENDIF
    23                          
