/tmp/tmpXX4LUQSg.asm:
     1                          MODULE fillb_callee_asm
     2                          LINE 0, "fillb_callee.asm"
fillb_callee.asm:
                                
     1                          ; void fillb_callee(int tlx, int tly, int width, int height)
     2                          
     3                          
     4                          IF !__CPU_INTEL__ & !__CPU_GBZ80__
     5                          
     6                              SECTION code_graphics
     7                          
     8                              PUBLIC  fillb_callee
     9                              PUBLIC  _fillb_callee
    10                          
    11                              PUBLIC  asm_fillb
    12                          
    13                              EXTERN  swapgfxbk
    14                              EXTERN  __graphics_end
    15                          
    16                              EXTERN  fillarea
    17                              INCLUDE "graphics/grafix.inc"
    18                          
    19                          
    20                          .fillb_callee
    21                          ._fillb_callee
    22                              pop     af    ; ret addr
    23                              pop     bc    ; y2
    24                              pop     hl
    25                              ld      b,l   ; x2
    26                              pop     hl    ; y
    27                              pop     de
    28                              ld      h,e   ; x
    29                              push    af    ; ret addr
    30                          .asm_fillb
    31                              push    ix
    32                          IF NEED_swapgfxbk = 1
    33                              call    swapgfxbk
    34                          ENDIF
    35                              call    fillarea
    36                          IF NEED_swapgfxbk
    37                              jp      __graphics_end
    38                          ELSE
    39                            IF !__CPU_INTEL__ & !__CPU_GBZ80__
    40                              pop     ix
    41                            ENDIF
    42                              ret
    43                          ENDIF
    44                          
    45                          ENDIF
    46                          
