/tmp/tmpXXQmONX1.asm:
     1                          MODULE move_asm
     2                          LINE 0, "move.asm"
move.asm:
                                
     1                          ;
     2                          ;     Turtle graphics library
     3                          ;     Stefano - 11/2017
     4                          ;
     5                          ;     $Id: move.asm $
     6                          ;
     7                          
     8                          IF !__CPU_INTEL__ & !__CPU_GBZ80__
     9                              SECTION    code_graphics
    10                              PUBLIC    move
    11                              PUBLIC    _move
    12                              EXTERN    swapgfxbk
    13                              EXTERN      __graphics_end
    14                          
    15                              EXTERN    __pen
    16                              EXTERN    Line_r
    17                              EXTERN    plotpixel
    18                              EXTERN    setxy
    19                              INCLUDE "graphics/grafix.inc"
    20                          
    21                          
    22                          .move
    23                          ._move
    24                              push    ix
    25                              ld    ix,2
    26                              add    ix,sp
    27                              ld    e,(ix+2)    ;py
    28                              ld    d,(ix+3)
    29                              ld    l,(ix+4)    ;px
    30                              ld    h,(ix+5)
    31                          
    32                          IF NEED_swapgfxbk = 1
    33                              call    swapgfxbk
    34                          ENDIF
    35                          
    36                              ld    a,(__pen)
    37                              ld    ix,setxy
    38                              rla
    39                              jr    nc,pen_up
    40                              ld    ix,plotpixel
    41                          .pen_up
    42                          
    43                              call    Line_r
    44                          IF NEED_swapgfxbk
    45                              jp      __graphics_end
    46                          ELSE
    47                            IF !__CPU_INTEL__ & !__CPU_GBZ80__
    48                              pop     ix
    49                            ENDIF
    50                              ret
    51                          ENDIF
    52                          ENDIF
    53                          
