/tmp/tmpXXf0nt3E.asm:
     1                          MODULE stencil_add_circle_asm
     2                          LINE 0, "stencil_add_circle.asm"
stencil_add_circle.asm:
                                
     1                          ;
     2                          ;     Z88 Graphics Functions - Small C+ stubs
     3                          ;
     4                          ;     Written around the Interlogic Standard Library
     5                          ;
     6                          ;    Compute the line coordinates and put into a vector
     7                          ;    Basic concept by Rafael de Oliveira Jannone (calculate_side)
     8                          ;
     9                          ;     Stefano Bodrato - 13/3/2009
    10                          ;
    11                          ;
    12                          ;    $Id: stencil_add_circle.asm,v 1.6 2016-04-22 20:29:51 dom Exp $
    13                          ;
    14                          
    15                          ;; void stencil_add_circle(int x1, int y1, int x2, int y2, unsigned char *stencil)
    16                          
    17                          
    18                          IF !__CPU_INTEL__ & !__CPU_GBZ80__
    19                              SECTION    code_graphics
    20                                  PUBLIC    stencil_add_circle
    21                                  PUBLIC    _stencil_add_circle
    22                          
    23                                  EXTERN    draw_circle
    24                                  EXTERN    stencil_add_pixel
    25                          
    26                                  ;EXTERN    swapgfxbk
    27                                  ;EXTERN    swapgfxbk1
    28                          
    29                                  EXTERN    stencil_ptr
    30                              ;EXTERN    __graphics_end
    31                          
    32                          .stencil_add_circle
    33                          ._stencil_add_circle
    34                              push    ix
    35                              ld    ix,2
    36                              add    ix,sp
    37                          
    38                              ld    l,(ix+2)    ;pointer to stencil
    39                              ld    h,(ix+3)
    40                              ld    (stencil_ptr),hl
    41                          
    42                              ;ld    l,(ix+4)    ;pointer to leftmost vector
    43                              ;ld    h,(ix+5)
    44                              ;ld    (gfx_area),hl
    45                          
    46                              ld    e,(ix+4)    ;skip
    47                              ld    d,(ix+6)    ;radius
    48                              ld    c,(ix+8)    ;y
    49                              ld    b,(ix+10)    ;x
    50                          
    51                              ;call    swapgfxbk
    52                          
    53                                  ld    hl,stencil_add_pixel
    54                                  call    draw_circle
    55                              ;jp    __graphics_end
    56                              pop    ix
    57                              ret
    58                          ENDIF
    59                          
