/tmp/tmpXXItl61p.asm:
     1                          MODULE undrawto_callee_asm
     2                          LINE 0, "undrawto_callee.asm"
undrawto_callee.asm:
                                
     1                          ; ----- void __CALLEE__ undrawto(int x2, int y2)
     2                          
     3                          
     4                          IF !__CPU_INTEL__ & !__CPU_GBZ80__
     5                              SECTION code_graphics
     6                          
     7                              PUBLIC  undrawto_callee
     8                              PUBLIC  _undrawto_callee
     9                              PUBLIC  asm_undrawto
    10                          
    11                          
    12                              EXTERN    swapgfxbk
    13                              EXTERN    __graphics_end
    14                          
    15                              EXTERN    Line
    16                              EXTERN    respixel
    17                          
    18                              EXTERN    __gfx_coords
    19                              INCLUDE    "graphics/grafix.inc"
    20                          
    21                          
    22                          .undrawto_callee
    23                          ._undrawto_callee
    24                              pop     af    ; ret addr
    25                              pop     de    ; y2
    26                              pop     hl
    27                              ld      d,l    ; x2
    28                              push    af    ; ret addr
    29                          
    30                          .asm_undrawto
    31                              ld      hl,(__gfx_coords)
    32                              push    ix
    33                          IF NEED_swapgfxbk = 1
    34                              call    swapgfxbk
    35                          ENDIF
    36                              push    hl
    37                              push    de
    38                              call    respixel
    39                              pop     de
    40                              pop     hl
    41                              ld      ix,respixel
    42                              call    Line
    43                          IF NEED_swapgfxbk
    44                              jp      __graphics_end
    45                          ELSE
    46                            IF !__CPU_INTEL__ & !__CPU_GBZ80__
    47                              pop     ix
    48                            ENDIF
    49                              ret
    50                          ENDIF
    51                          
    52                          ENDIF
    53                          
