/tmp/tmpXXIWgHWf.asm:
     1                          MODULE xorcircle_callee_asm
     2                          LINE 0, "xorcircle_callee.asm"
xorcircle_callee.asm:
                                
     1                          ; Usage: xorcircle(int x, int y, int radius, int skip);
     2                          
     3                          
     4                          IF !__CPU_INTEL__ & !__CPU_GBZ80__
     5                              SECTION code_graphics
     6                          
     7                              PUBLIC  xorcircle_callee
     8                              PUBLIC  _xorcircle_callee
     9                          
    10                              PUBLIC  asm_xorcircle
    11                          
    12                              EXTERN  draw_circle
    13                              EXTERN  xorpixel
    14                          
    15                              EXTERN  swapgfxbk
    16                              EXTERN  __graphics_end
    17                              INCLUDE "graphics/grafix.inc"
    18                          
    19                          
    20                          .xorcircle_callee
    21                          ._xorcircle_callee
    22                              pop     af
    23                              pop     de    ; skip
    24                              pop     bc    ;radius
    25                              ld      d,c
    26                              pop     bc    ; y
    27                              pop     hl    ; x
    28                              ld      b,l
    29                              push    af
    30                          
    31                              push    ix
    32                          
    33                          
    34                          .asm_xorcircle
    35                          IF NEED_swapgfxbk = 1
    36                              call    swapgfxbk
    37                          ENDIF
    38                              ld      hl,xorpixel
    39                              call    draw_circle
    40                          IF NEED_swapgfxbk
    41                              jp      __graphics_end
    42                          ELSE
    43                            IF !__CPU_INTEL__ & !__CPU_GBZ80__
    44                              pop     ix
    45                            ENDIF
    46                              ret
    47                          ENDIF
    48                          ENDIF
    49                          
