/tmp/tmpXXp1ti3h.asm:
     1                          MODULE xorcircle_asm
     2                          LINE 0, "xorcircle.asm"
xorcircle.asm:
                                
     1                          ;
     2                          ;     Z88 Graphics Functions - Small C+ stubs
     3                          ; Usage: xorcircle(int x, int y, int radius, int skip);
     4                          
     5                          
     6                          IF !__CPU_INTEL__ & !__CPU_GBZ80__
     7                              SECTION code_graphics
     8                          
     9                              PUBLIC  xorcircle
    10                              PUBLIC  _xorcircle
    11                          
    12                              EXTERN  asm_xorcircle
    13                          
    14                          
    15                          .xorcircle
    16                          ._xorcircle
    17                              push    ix
    18                              ld      ix,2
    19                              add     ix,sp
    20                              ld      e,(ix+2)    ;skip
    21                              ld      d,(ix+4)    ;radius
    22                              ld      c,(ix+6)    ;y
    23                              ld      b,(ix+8)    ;x
    24                              jp      asm_xorcircle
    25                          ENDIF
    26                          
