/tmp/tmpXXWBOePw.asm:
     1                          MODULE xorplot_asm
     2                          LINE 0, "xorplot.asm"
xorplot.asm:
                                
     1                          ; ----- void  xorplot(int x, int y)
     2                          
     3                          
     4                              SECTION code_graphics
     5                          
     6                              PUBLIC  xorplot
     7                              PUBLIC  _xorplot
     8                          
     9                              EXTERN  asm_xorplot
    10                          
    11                          
    12                          .xorplot
    13                          ._xorplot
    14  0000  c1                    pop     bc    ; ret addr
    15  0001  e1                    pop     hl    ; y
    16  0002  d1                    pop     de    ; x
    17  0003  d5                    push    de
    18  0004  e5                    push    hl
    19  0005  63                    ld      h,e
    20  0006  c5                    push    bc    ; ret addr
    21  0007  c30000                jp      asm_xorplot
    22                          
